{"name": "test_addfeaturs", "status": "broken", "statusDetails": {"message": "selenium.common.exceptions.WebDriverException: Message: unknown error: net::ERR_NAME_NOT_RESOLVED\n  (Session info: chrome=110.0.5481.180)\nStacktrace:\nBacktrace:\n\t(No symbol) [0x00694AD3]\n\t(No symbol) [0x00629211]\n\t(No symbol) [0x0051D9CD]\n\t(No symbol) [0x00519D62]\n\t(No symbol) [0x0050FCCD]\n\t(No symbol) [0x005110D1]\n\t(No symbol) [0x0050FFAD]\n\t(No symbol) [0x0050F38C]\n\t(No symbol) [0x0050F2A8]\n\t(No symbol) [0x0050DC38]\n\t(No symbol) [0x0050E4E2]\n\t(No symbol) [0x0051F68B]\n\t(No symbol) [0x005873D7]\n\t(No symbol) [0x0056FB3C]\n\t(No symbol) [0x005867B9]\n\t(No symbol) [0x0056F936]\n\t(No symbol) [0x00544788]\n\t(No symbol) [0x00545C1D]\n\tGetHandleVerifier [0x00909342+2502274]\n\tGetHandleVerifier [0x00937959+2692249]\n\tGetHandleVerifier [0x0093ABDC+2705180]\n\tGetHandleVerifier [0x00743480+643008]\n\t(No symbol) [0x0063208F]\n\t(No symbol) [0x00637AB8]\n\t(No symbol) [0x00637BA5]\n\t(No symbol) [0x0064273B]\n\tBaseThreadInitThunk [0x754E00F9+25]\n\tRtlGetAppContainerNamedObjectPath [0x77197BBE+286]\n\tRtlGetAppContainerNamedObjectPath [0x77197B8E+238]", "trace": "def test_addfeaturs():\n        driver = webdriver.Chrome(\n            executable_path=\"D:\\\\Downloads\\\\chromedriver_win32\\\\chromedriver.exe\")\n        driver.maximize_window()\n        driver.implicitly_wait(10)\n>       driver.get(\"http://www.google.com/\")\n\ntests\\test_watch_addfeatures.py:12: \n_ _ _ _ _ _ _ _ _ _ _ _ _ _ _ _ _ _ _ _ _ _ _ _ _ _ _ _ _ _ _ _ _ _ _ _ _ _ _ _\n..\\venvs\\selenium_apple_project\\lib\\site-packages\\selenium\\webdriver\\remote\\webdriver.py:449: in get\n    self.execute(Command.GET, {\"url\": url})\n..\\venvs\\selenium_apple_project\\lib\\site-packages\\selenium\\webdriver\\remote\\webdriver.py:440: in execute\n    self.error_handler.check_response(response)\n_ _ _ _ _ _ _ _ _ _ _ _ _ _ _ _ _ _ _ _ _ _ _ _ _ _ _ _ _ _ _ _ _ _ _ _ _ _ _ _\n\nself = <selenium.webdriver.remote.errorhandler.ErrorHandler object at 0x000001A5F6F4F310>\nresponse = {'status': 500, 'value': '{\"value\":{\"error\":\"unknown error\",\"message\":\"unknown error: net::ERR_NAME_NOT_RESOLVED\\\\n  (...\\n\\\\tRtlGetAppContainerNamedObjectPath [0x77197BBE+286]\\\\n\\\\tRtlGetAppContainerNamedObjectPath [0x77197B8E+238]\\\\n\"}}'}\n\n    def check_response(self, response: Dict[str, Any]) -> None:\n        \"\"\"Checks that a JSON response from the WebDriver does not have an\n        error.\n    \n        :Args:\n         - response - The JSON response from the WebDriver server as a dictionary\n           object.\n    \n        :Raises: If the response contains an error message.\n        \"\"\"\n        status = response.get(\"status\", None)\n        if not status or status == ErrorCode.SUCCESS:\n            return\n        value = None\n        message = response.get(\"message\", \"\")\n        screen: str = response.get(\"screen\", \"\")\n        stacktrace = None\n        if isinstance(status, int):\n            value_json = response.get(\"value\", None)\n            if value_json and isinstance(value_json, str):\n                import json\n    \n                try:\n                    value = json.loads(value_json)\n                    if len(value.keys()) == 1:\n                        value = value[\"value\"]\n                    status = value.get(\"error\", None)\n                    if not status:\n                        status = value.get(\"status\", ErrorCode.UNKNOWN_ERROR)\n                        message = value.get(\"value\") or value.get(\"message\")\n                        if not isinstance(message, str):\n                            value = message\n                            message = message.get(\"message\")\n                    else:\n                        message = value.get(\"message\", None)\n                except ValueError:\n                    pass\n    \n        exception_class: Type[WebDriverException]\n        if status in ErrorCode.NO_SUCH_ELEMENT:\n            exception_class = NoSuchElementException\n        elif status in ErrorCode.NO_SUCH_FRAME:\n            exception_class = NoSuchFrameException\n        elif status in ErrorCode.NO_SUCH_SHADOW_ROOT:\n            exception_class = NoSuchShadowRootException\n        elif status in ErrorCode.NO_SUCH_WINDOW:\n            exception_class = NoSuchWindowException\n        elif status in ErrorCode.STALE_ELEMENT_REFERENCE:\n            exception_class = StaleElementReferenceException\n        elif status in ErrorCode.ELEMENT_NOT_VISIBLE:\n            exception_class = ElementNotVisibleException\n        elif status in ErrorCode.INVALID_ELEMENT_STATE:\n            exception_class = InvalidElementStateException\n        elif (\n            status in ErrorCode.INVALID_SELECTOR\n            or status in ErrorCode.INVALID_XPATH_SELECTOR\n            or status in ErrorCode.INVALID_XPATH_SELECTOR_RETURN_TYPER\n        ):\n            exception_class = InvalidSelectorException\n        elif status in ErrorCode.ELEMENT_IS_NOT_SELECTABLE:\n            exception_class = ElementNotSelectableException\n        elif status in ErrorCode.ELEMENT_NOT_INTERACTABLE:\n            exception_class = ElementNotInteractableException\n        elif status in ErrorCode.INVALID_COOKIE_DOMAIN:\n            exception_class = InvalidCookieDomainException\n        elif status in ErrorCode.UNABLE_TO_SET_COOKIE:\n            exception_class = UnableToSetCookieException\n        elif status in ErrorCode.TIMEOUT:\n            exception_class = TimeoutException\n        elif status in ErrorCode.SCRIPT_TIMEOUT:\n            exception_class = TimeoutException\n        elif status in ErrorCode.UNKNOWN_ERROR:\n            exception_class = WebDriverException\n        elif status in ErrorCode.UNEXPECTED_ALERT_OPEN:\n            exception_class = UnexpectedAlertPresentException\n        elif status in ErrorCode.NO_ALERT_OPEN:\n            exception_class = NoAlertPresentException\n        elif status in ErrorCode.IME_NOT_AVAILABLE:\n            exception_class = ImeNotAvailableException\n        elif status in ErrorCode.IME_ENGINE_ACTIVATION_FAILED:\n            exception_class = ImeActivationFailedException\n        elif status in ErrorCode.MOVE_TARGET_OUT_OF_BOUNDS:\n            exception_class = MoveTargetOutOfBoundsException\n        elif status in ErrorCode.JAVASCRIPT_ERROR:\n            exception_class = JavascriptException\n        elif status in ErrorCode.SESSION_NOT_CREATED:\n            exception_class = SessionNotCreatedException\n        elif status in ErrorCode.INVALID_ARGUMENT:\n            exception_class = InvalidArgumentException\n        elif status in ErrorCode.NO_SUCH_COOKIE:\n            exception_class = NoSuchCookieException\n        elif status in ErrorCode.UNABLE_TO_CAPTURE_SCREEN:\n            exception_class = ScreenshotException\n        elif status in ErrorCode.ELEMENT_CLICK_INTERCEPTED:\n            exception_class = ElementClickInterceptedException\n        elif status in ErrorCode.INSECURE_CERTIFICATE:\n            exception_class = InsecureCertificateException\n        elif status in ErrorCode.INVALID_COORDINATES:\n            exception_class = InvalidCoordinatesException\n        elif status in ErrorCode.INVALID_SESSION_ID:\n            exception_class = InvalidSessionIdException\n        elif status in ErrorCode.UNKNOWN_METHOD:\n            exception_class = UnknownMethodException\n        else:\n            exception_class = WebDriverException\n        if not value:\n            value = response[\"value\"]\n        if isinstance(value, str):\n            raise exception_class(value)\n        if message == \"\" and \"message\" in value:\n            message = value[\"message\"]\n    \n        screen = None  # type: ignore[assignment]\n        if \"screen\" in value:\n            screen = value[\"screen\"]\n    \n        stacktrace = None\n        st_value = value.get(\"stackTrace\") or value.get(\"stacktrace\")\n        if st_value:\n            if isinstance(st_value, str):\n                stacktrace = st_value.split(\"\\n\")\n            else:\n                stacktrace = []\n                try:\n                    for frame in st_value:\n                        line = frame.get(\"lineNumber\", \"\")\n                        file = frame.get(\"fileName\", \"<anonymous>\")\n                        if line:\n                            file = f\"{file}:{line}\"\n                        meth = frame.get(\"methodName\", \"<anonymous>\")\n                        if \"className\" in frame:\n                            meth = f\"{frame['className']}.{meth}\"\n                        msg = \"    at %s (%s)\"\n                        msg = msg % (meth, file)\n                        stacktrace.append(msg)\n                except TypeError:\n                    pass\n        if exception_class == UnexpectedAlertPresentException:\n            alert_text = None\n            if \"data\" in value:\n                alert_text = value[\"data\"].get(\"text\")\n            elif \"alert\" in value:\n                alert_text = value[\"alert\"].get(\"text\")\n            raise exception_class(message, screen, stacktrace, alert_text)  # type: ignore[call-arg]  # mypy is not smart enough here\n>       raise exception_class(message, screen, stacktrace)\nE       selenium.common.exceptions.WebDriverException: Message: unknown error: net::ERR_NAME_NOT_RESOLVED\nE         (Session info: chrome=110.0.5481.180)\nE       Stacktrace:\nE       Backtrace:\nE       \t(No symbol) [0x00694AD3]\nE       \t(No symbol) [0x00629211]\nE       \t(No symbol) [0x0051D9CD]\nE       \t(No symbol) [0x00519D62]\nE       \t(No symbol) [0x0050FCCD]\nE       \t(No symbol) [0x005110D1]\nE       \t(No symbol) [0x0050FFAD]\nE       \t(No symbol) [0x0050F38C]\nE       \t(No symbol) [0x0050F2A8]\nE       \t(No symbol) [0x0050DC38]\nE       \t(No symbol) [0x0050E4E2]\nE       \t(No symbol) [0x0051F68B]\nE       \t(No symbol) [0x005873D7]\nE       \t(No symbol) [0x0056FB3C]\nE       \t(No symbol) [0x005867B9]\nE       \t(No symbol) [0x0056F936]\nE       \t(No symbol) [0x00544788]\nE       \t(No symbol) [0x00545C1D]\nE       \tGetHandleVerifier [0x00909342+2502274]\nE       \tGetHandleVerifier [0x00937959+2692249]\nE       \tGetHandleVerifier [0x0093ABDC+2705180]\nE       \tGetHandleVerifier [0x00743480+643008]\nE       \t(No symbol) [0x0063208F]\nE       \t(No symbol) [0x00637AB8]\nE       \t(No symbol) [0x00637BA5]\nE       \t(No symbol) [0x0064273B]\nE       \tBaseThreadInitThunk [0x754E00F9+25]\nE       \tRtlGetAppContainerNamedObjectPath [0x77197BBE+286]\nE       \tRtlGetAppContainerNamedObjectPath [0x77197B8E+238]\n\n..\\venvs\\selenium_apple_project\\lib\\site-packages\\selenium\\webdriver\\remote\\errorhandler.py:245: WebDriverException"}, "start": 1678428138066, "stop": 1678428139659, "uuid": "c16eab3f-4e88-4539-915b-79104f620a9e", "historyId": "e9823fc73328a5b4b1ed383bf33ed081", "testCaseId": "a88dab07daf440ba3bda0c303cd8cf95", "fullName": "tests.test_watch_addfeatures#test_addfeaturs", "labels": [{"name": "parentSuite", "value": "tests"}, {"name": "suite", "value": "test_watch_addfeatures"}, {"name": "host", "value": "BAN-LAP-BAVNAM"}, {"name": "thread", "value": "14560-MainThread"}, {"name": "framework", "value": "pytest"}, {"name": "language", "value": "cpython3"}, {"name": "package", "value": "tests.test_watch_addfeatures"}]}